<?xml version="1.0" encoding="utf-8"?><testsuites name="pytest tests"><testsuite name="pytest" errors="0" failures="0" skipped="0" tests="42" time="8.274" timestamp="2026-03-16T01:05:42.078335+00:00" hostname="agent-env-36aa2677-ef80-4e50-bde9-1a01119a9104"><testcase classname="backend.tests.test_api.TestHealthCheck" name="test_health_check_returns_glowing_star_service" time="0.251" /><testcase classname="backend.tests.test_api.TestAuth" name="test_login_with_admin_credentials" time="0.361" /><testcase classname="backend.tests.test_api.TestAuth" name="test_login_with_invalid_credentials" time="0.141" /><testcase classname="backend.tests.test_api.TestAuth" name="test_get_me_with_valid_token" time="0.500" /><testcase classname="backend.tests.test_api.TestContestants" name="test_get_contestants_list" time="0.152" /><testcase classname="backend.tests.test_api.TestContestants" name="test_get_approved_contestants" time="0.191" /><testcase classname="backend.tests.test_api.TestContestants" name="test_contestant_has_required_fields" time="0.162" /><testcase classname="backend.tests.test_api.TestCategories" name="test_get_categories" time="0.113" /><testcase classname="backend.tests.test_api.TestCategories" name="test_get_active_categories" time="0.118" /><testcase classname="backend.tests.test_api.TestLeaderboard" name="test_get_leaderboard" time="0.134" /><testcase classname="backend.tests.test_api.TestLeaderboard" name="test_leaderboard_is_sorted_by_votes" time="0.131" /><testcase classname="backend.tests.test_api.TestLeaderboard" name="test_leaderboard_entry_has_required_fields" time="0.146" /><testcase classname="backend.tests.test_api.TestVotePackages" name="test_get_vote_packages" time="0.110" /><testcase classname="backend.tests.test_api.TestRounds" name="test_get_rounds" time="0.216" /><testcase classname="backend.tests.test_api.TestAdminStats" name="test_admin_stats_requires_auth" time="0.153" /><testcase classname="backend.tests.test_api.TestAdminStats" name="test_admin_stats_with_valid_token" time="0.498" /><testcase classname="backend.tests.test_api.TestWebSocketEndpoints" name="test_websocket_votes_endpoint_exists" time="0.138" /><testcase classname="backend.tests.test_api.TestWebSocketEndpoints" name="test_websocket_leaderboard_endpoint_exists" time="0.136" /><testcase classname="backend.tests.test_new_apis.TestSearchAPI" name="test_search_by_name" time="0.133" /><testcase classname="backend.tests.test_new_apis.TestSearchAPI" name="test_search_returns_matching_contestants" time="0.128" /><testcase classname="backend.tests.test_new_apis.TestSearchAPI" name="test_search_by_country" time="0.127" /><testcase classname="backend.tests.test_new_apis.TestSearchAPI" name="test_search_with_query" time="0.126" /><testcase classname="backend.tests.test_new_apis.TestHighlightsAPI" name="test_highlights_returns_categories" time="0.118" /><testcase classname="backend.tests.test_new_apis.TestHighlightsAPI" name="test_highlights_trending_is_list" time="0.146" /><testcase classname="backend.tests.test_new_apis.TestHighlightsAPI" name="test_highlights_new_contestants" time="0.118" /><testcase classname="backend.tests.test_new_apis.TestFilteredLeaderboard" name="test_global_leaderboard" time="0.105" /><testcase classname="backend.tests.test_new_apis.TestFilteredLeaderboard" name="test_category_leaderboard" time="0.272" /><testcase classname="backend.tests.test_new_apis.TestFilteredLeaderboard" name="test_daily_leaderboard" time="0.135" /><testcase classname="backend.tests.test_new_apis.TestFilteredLeaderboard" name="test_weekly_leaderboard" time="0.132" /><testcase classname="backend.tests.test_new_apis.TestFilteredLeaderboard" name="test_leaderboard_has_rank" time="0.113" /><testcase classname="backend.tests.test_new_apis.TestContestTimeline" name="test_timeline_returns_data" time="0.114" /><testcase classname="backend.tests.test_new_apis.TestContestTimeline" name="test_timeline_round_structure" time="0.113" /><testcase classname="backend.tests.test_new_apis.TestAdminAnalytics" name="test_analytics_requires_auth" time="0.103" /><testcase classname="backend.tests.test_new_apis.TestAdminAnalytics" name="test_analytics_with_valid_token" time="0.470" /><testcase classname="backend.tests.test_new_apis.TestFraudAnalysis" name="test_fraud_analysis_requires_auth" time="0.150" /><testcase classname="backend.tests.test_new_apis.TestFraudAnalysis" name="test_fraud_analysis_with_valid_token" time="0.597" /><testcase classname="backend.tests.test_new_apis.TestContestantBadges" name="test_badges_requires_auth" time="0.110" /><testcase classname="backend.tests.test_new_apis.TestContestantBadges" name="test_update_badges_with_valid_token" time="0.592" /><testcase classname="backend.tests.test_new_apis.TestContestantsCount" name="test_at_least_50_contestants" time="0.162" /><testcase classname="backend.tests.test_new_apis.TestContestantsCount" name="test_contestants_have_photos" time="0.118" /><testcase classname="backend.tests.test_new_apis.TestContestantsCount" name="test_contestants_have_categories" time="0.121" /><testcase classname="backend.tests.test_new_apis.TestCategoryFilter" name="test_filter_by_category" time="0.241" /></testsuite></testsuites>