<?xml version="1.0" encoding="utf-8"?><testsuites name="pytest tests"><testsuite name="pytest" errors="0" failures="3" skipped="0" tests="20" time="12.328" timestamp="2026-03-16T20:28:33.738070+00:00" hostname="agent-env-429f070e-aa67-4176-be00-5c97fc1d1444"><testcase classname="backend.tests.test_p1_features.TestAdminAuthentication" name="test_admin_login" time="0.525" /><testcase classname="backend.tests.test_p1_features.TestContestManagementAPI" name="test_get_all_contests" time="0.517" /><testcase classname="backend.tests.test_p1_features.TestContestManagementAPI" name="test_create_contest" time="0.536" /><testcase classname="backend.tests.test_p1_features.TestContestManagementAPI" name="test_get_active_contest" time="0.554" /><testcase classname="backend.tests.test_p1_features.TestContestManagementAPI" name="test_contest_requires_admin_auth" time="0.989" /><testcase classname="backend.tests.test_p1_features.TestPaymentManagementAPI" name="test_get_admin_payments" time="0.602"><failure message="AssertionError: No total_revenue in totals&#10;assert 'total_revenue' in {'entry_fees': 0, 'total': 0, 'vote_packages': 0}">backend/tests/test_p1_features.py:149: in test_get_admin_payments
    assert "total_revenue" in totals, "No total_revenue in totals"
E   AssertionError: No total_revenue in totals
E   assert 'total_revenue' in {'entry_fees': 0, 'total': 0, 'vote_packages': 0}</failure></testcase><testcase classname="backend.tests.test_p1_features.TestPaymentManagementAPI" name="test_payments_requires_admin_auth" time="0.501" /><testcase classname="backend.tests.test_p1_features.TestPaymentManagementAPI" name="test_dashboard_stats_includes_payments" time="0.561" /><testcase classname="backend.tests.test_p1_features.TestEntryFeePaymentFlow" name="test_get_payment_status" time="0.548"><failure message="AssertionError: Failed to get payment status: Internal Server Error&#10;assert 500 == 200&#10; +  where 500 = &lt;Response [500]&gt;.status_code">backend/tests/test_p1_features.py:196: in test_get_payment_status
    assert response.status_code == 200, f"Failed to get payment status: {response.text}"
E   AssertionError: Failed to get payment status: Internal Server Error
E   assert 500 == 200
E    +  where 500 = &lt;Response [500]&gt;.status_code</failure></testcase><testcase classname="backend.tests.test_p1_features.TestEntryFeePaymentFlow" name="test_create_entry_fee_checkout" time="0.518"><failure message="AssertionError: Unexpected status code: 500 - Internal Server Error&#10;assert False">backend/tests/test_p1_features.py:225: in test_create_entry_fee_checkout
    assert False, f"Unexpected status code: {response.status_code} - {response.text}"
E   AssertionError: Unexpected status code: 500 - Internal Server Error
E   assert False</failure></testcase><testcase classname="backend.tests.test_p1_features.TestEntryFeePaymentFlow" name="test_entry_fee_requires_auth" time="0.509" /><testcase classname="backend.tests.test_p1_features.TestUserManagementAPI" name="test_get_contestants_list" time="0.567" /><testcase classname="backend.tests.test_p1_features.TestUserManagementAPI" name="test_filter_contestants_by_status" time="0.904" /><testcase classname="backend.tests.test_p1_features.TestUserManagementAPI" name="test_search_contestants" time="0.549" /><testcase classname="backend.tests.test_p1_features.TestUserManagementAPI" name="test_update_contestant_status" time="0.841" /><testcase classname="backend.tests.test_p1_features.TestCategoryManagementAPI" name="test_get_all_categories" time="0.509" /><testcase classname="backend.tests.test_p1_features.TestCategoryManagementAPI" name="test_create_category" time="0.532" /><testcase classname="backend.tests.test_p1_features.TestCategoryManagementAPI" name="test_update_category" time="0.849" /><testcase classname="backend.tests.test_p1_features.TestCategoryManagementAPI" name="test_delete_category" time="0.844" /><testcase classname="backend.tests.test_p1_features.TestVotePackagesAPI" name="test_get_vote_packages" time="0.144" /></testsuite></testsuites>