<?xml version="1.0" encoding="utf-8"?><testsuites name="pytest tests"><testsuite name="pytest" errors="0" failures="0" skipped="0" tests="18" time="3.605" timestamp="2026-03-16T00:20:15.871892+00:00" hostname="agent-env-36aa2677-ef80-4e50-bde9-1a01119a9104"><testcase classname="backend.tests.test_api.TestHealthCheck" name="test_health_check_returns_glowing_star_service" time="0.194" /><testcase classname="backend.tests.test_api.TestAuth" name="test_login_with_admin_credentials" time="0.400" /><testcase classname="backend.tests.test_api.TestAuth" name="test_login_with_invalid_credentials" time="0.160" /><testcase classname="backend.tests.test_api.TestAuth" name="test_get_me_with_valid_token" time="0.504" /><testcase classname="backend.tests.test_api.TestContestants" name="test_get_contestants_list" time="0.115" /><testcase classname="backend.tests.test_api.TestContestants" name="test_get_approved_contestants" time="0.114" /><testcase classname="backend.tests.test_api.TestContestants" name="test_contestant_has_required_fields" time="0.142" /><testcase classname="backend.tests.test_api.TestCategories" name="test_get_categories" time="0.118" /><testcase classname="backend.tests.test_api.TestCategories" name="test_get_active_categories" time="0.117" /><testcase classname="backend.tests.test_api.TestLeaderboard" name="test_get_leaderboard" time="0.099" /><testcase classname="backend.tests.test_api.TestLeaderboard" name="test_leaderboard_is_sorted_by_votes" time="0.101" /><testcase classname="backend.tests.test_api.TestLeaderboard" name="test_leaderboard_entry_has_required_fields" time="0.128" /><testcase classname="backend.tests.test_api.TestVotePackages" name="test_get_vote_packages" time="0.160" /><testcase classname="backend.tests.test_api.TestRounds" name="test_get_rounds" time="0.127" /><testcase classname="backend.tests.test_api.TestAdminStats" name="test_admin_stats_requires_auth" time="0.105" /><testcase classname="backend.tests.test_api.TestAdminStats" name="test_admin_stats_with_valid_token" time="0.565" /><testcase classname="backend.tests.test_api.TestWebSocketEndpoints" name="test_websocket_votes_endpoint_exists" time="0.137" /><testcase classname="backend.tests.test_api.TestWebSocketEndpoints" name="test_websocket_leaderboard_endpoint_exists" time="0.197" /></testsuite></testsuites>