<?xml version="1.0" encoding="utf-8"?><testsuites name="pytest tests"><testsuite name="pytest" errors="0" failures="0" skipped="0" tests="14" time="7.799" timestamp="2026-03-17T17:00:44.145605+00:00" hostname="agent-env-ed0463d1-6085-4df8-9826-6512f538a134"><testcase classname="backend.tests.test_wallet_payment_features.TestAuthentication" name="test_admin_login" time="0.434" /><testcase classname="backend.tests.test_wallet_payment_features.TestAuthentication" name="test_contestant_login_or_register" time="0.407" /><testcase classname="backend.tests.test_wallet_payment_features.TestWalletAPI" name="test_get_wallet_returns_correct_structure" time="0.512" /><testcase classname="backend.tests.test_wallet_payment_features.TestWalletAPI" name="test_wallet_balance_is_non_negative" time="0.518" /><testcase classname="backend.tests.test_wallet_payment_features.TestWalletAPI" name="test_wallet_requires_authentication" time="0.538" /><testcase classname="backend.tests.test_wallet_payment_features.TestWalletWithdrawal" name="test_withdrawal_insufficient_balance" time="0.533" /><testcase classname="backend.tests.test_wallet_payment_features.TestWalletWithdrawal" name="test_withdrawal_requires_authentication" time="0.548" /><testcase classname="backend.tests.test_wallet_payment_features.TestAdminContestDelete" name="test_create_and_delete_draft_contest" time="0.837" /><testcase classname="backend.tests.test_wallet_payment_features.TestAdminContestDelete" name="test_delete_nonexistent_contest" time="0.586" /><testcase classname="backend.tests.test_wallet_payment_features.TestAdminContestDelete" name="test_delete_requires_admin" time="1.087" /><testcase classname="backend.tests.test_wallet_payment_features.TestEntryFeePaymentStatus" name="test_get_payment_status" time="0.514" /><testcase classname="backend.tests.test_wallet_payment_features.TestEntryFeePaymentStatus" name="test_payment_status_requires_auth" time="0.530" /><testcase classname="backend.tests.test_wallet_payment_features.TestActiveContest" name="test_get_active_contest" time="0.143" /><testcase classname="backend.tests.test_wallet_payment_features.TestContestList" name="test_get_all_contests" time="0.526" /></testsuite></testsuites>