<?xml version="1.0" encoding="utf-8"?><testsuites name="pytest tests"><testsuite name="pytest" errors="0" failures="0" skipped="0" tests="15" time="8.218" timestamp="2026-03-16T19:45:04.836839+00:00" hostname="agent-env-429f070e-aa67-4176-be00-5c97fc1d1444"><testcase classname="tests.test_admin_dashboard.TestAdminLogin" name="test_admin_login_success" time="0.561" /><testcase classname="tests.test_admin_dashboard.TestAdminLogin" name="test_admin_login_invalid_credentials" time="0.482" /><testcase classname="tests.test_admin_dashboard.TestAdminDashboardStats" name="test_dashboard_stats_returns_200" time="0.559" /><testcase classname="tests.test_admin_dashboard.TestAdminDashboardStats" name="test_dashboard_stats_structure" time="0.543" /><testcase classname="tests.test_admin_dashboard.TestAdminDashboardStats" name="test_dashboard_stats_requires_auth" time="0.570" /><testcase classname="tests.test_admin_dashboard.TestAdminVotes" name="test_admin_votes_returns_200" time="0.561" /><testcase classname="tests.test_admin_dashboard.TestAdminVotes" name="test_admin_votes_returns_list" time="0.532" /><testcase classname="tests.test_admin_dashboard.TestAdminVotes" name="test_admin_votes_structure" time="0.512" /><testcase classname="tests.test_admin_dashboard.TestAdminVotes" name="test_admin_votes_requires_auth" time="0.541" /><testcase classname="tests.test_admin_dashboard.TestAdminPayments" name="test_admin_payments_returns_200" time="0.515" /><testcase classname="tests.test_admin_dashboard.TestAdminPayments" name="test_admin_payments_structure" time="0.550" /><testcase classname="tests.test_admin_dashboard.TestAdminPayments" name="test_admin_payments_list_is_array" time="0.513" /><testcase classname="tests.test_admin_dashboard.TestAdminPayments" name="test_admin_payments_requires_auth" time="0.499" /><testcase classname="tests.test_admin_dashboard.TestAdminStats" name="test_admin_stats_returns_200" time="0.612" /><testcase classname="tests.test_admin_dashboard.TestAdminStats" name="test_admin_stats_structure" time="0.543" /></testsuite></testsuites>