<?xml version="1.0" encoding="utf-8"?><testsuites name="pytest tests"><testsuite name="pytest" errors="0" failures="0" skipped="0" tests="24" time="5.141" timestamp="2026-03-16T00:59:56.823942+00:00" hostname="agent-env-36aa2677-ef80-4e50-bde9-1a01119a9104"><testcase classname="backend.tests.test_new_apis.TestSearchAPI" name="test_search_by_name" time="0.166" /><testcase classname="backend.tests.test_new_apis.TestSearchAPI" name="test_search_returns_matching_contestants" time="0.126" /><testcase classname="backend.tests.test_new_apis.TestSearchAPI" name="test_search_by_country" time="0.134" /><testcase classname="backend.tests.test_new_apis.TestSearchAPI" name="test_search_with_query" time="0.112" /><testcase classname="backend.tests.test_new_apis.TestHighlightsAPI" name="test_highlights_returns_categories" time="0.137" /><testcase classname="backend.tests.test_new_apis.TestHighlightsAPI" name="test_highlights_trending_is_list" time="0.133" /><testcase classname="backend.tests.test_new_apis.TestHighlightsAPI" name="test_highlights_new_contestants" time="0.116" /><testcase classname="backend.tests.test_new_apis.TestFilteredLeaderboard" name="test_global_leaderboard" time="0.120" /><testcase classname="backend.tests.test_new_apis.TestFilteredLeaderboard" name="test_category_leaderboard" time="0.253" /><testcase classname="backend.tests.test_new_apis.TestFilteredLeaderboard" name="test_daily_leaderboard" time="0.109" /><testcase classname="backend.tests.test_new_apis.TestFilteredLeaderboard" name="test_weekly_leaderboard" time="0.136" /><testcase classname="backend.tests.test_new_apis.TestFilteredLeaderboard" name="test_leaderboard_has_rank" time="0.117" /><testcase classname="backend.tests.test_new_apis.TestContestTimeline" name="test_timeline_returns_data" time="0.159" /><testcase classname="backend.tests.test_new_apis.TestContestTimeline" name="test_timeline_round_structure" time="0.110" /><testcase classname="backend.tests.test_new_apis.TestAdminAnalytics" name="test_analytics_requires_auth" time="0.118" /><testcase classname="backend.tests.test_new_apis.TestAdminAnalytics" name="test_analytics_with_valid_token" time="0.468" /><testcase classname="backend.tests.test_new_apis.TestFraudAnalysis" name="test_fraud_analysis_requires_auth" time="0.117" /><testcase classname="backend.tests.test_new_apis.TestFraudAnalysis" name="test_fraud_analysis_with_valid_token" time="0.630" /><testcase classname="backend.tests.test_new_apis.TestContestantBadges" name="test_badges_requires_auth" time="0.138" /><testcase classname="backend.tests.test_new_apis.TestContestantBadges" name="test_update_badges_with_valid_token" time="0.601" /><testcase classname="backend.tests.test_new_apis.TestContestantsCount" name="test_at_least_50_contestants" time="0.134" /><testcase classname="backend.tests.test_new_apis.TestContestantsCount" name="test_contestants_have_photos" time="0.513" /><testcase classname="backend.tests.test_new_apis.TestContestantsCount" name="test_contestants_have_categories" time="0.158" /><testcase classname="backend.tests.test_new_apis.TestCategoryFilter" name="test_filter_by_category" time="0.253" /></testsuite></testsuites>