<?xml version="1.0" encoding="utf-8"?><testsuites name="pytest tests"><testsuite name="pytest" errors="0" failures="0" skipped="0" tests="20" time="12.031" timestamp="2026-03-16T20:33:17.056629+00:00" hostname="agent-env-429f070e-aa67-4176-be00-5c97fc1d1444"><testcase classname="backend.tests.test_p1_features.TestAdminAuthentication" name="test_admin_login" time="0.672" /><testcase classname="backend.tests.test_p1_features.TestContestManagementAPI" name="test_get_all_contests" time="0.582" /><testcase classname="backend.tests.test_p1_features.TestContestManagementAPI" name="test_create_contest" time="0.534" /><testcase classname="backend.tests.test_p1_features.TestContestManagementAPI" name="test_get_active_contest" time="0.464" /><testcase classname="backend.tests.test_p1_features.TestContestManagementAPI" name="test_contest_requires_admin_auth" time="1.016" /><testcase classname="backend.tests.test_p1_features.TestPaymentManagementAPI" name="test_get_admin_payments" time="0.497" /><testcase classname="backend.tests.test_p1_features.TestPaymentManagementAPI" name="test_payments_requires_admin_auth" time="0.457" /><testcase classname="backend.tests.test_p1_features.TestPaymentManagementAPI" name="test_dashboard_stats_includes_payments" time="0.494" /><testcase classname="backend.tests.test_p1_features.TestEntryFeePaymentFlow" name="test_get_payment_status" time="0.576" /><testcase classname="backend.tests.test_p1_features.TestEntryFeePaymentFlow" name="test_create_entry_fee_checkout" time="0.730" /><testcase classname="backend.tests.test_p1_features.TestEntryFeePaymentFlow" name="test_entry_fee_requires_auth" time="0.509" /><testcase classname="backend.tests.test_p1_features.TestUserManagementAPI" name="test_get_contestants_list" time="0.517" /><testcase classname="backend.tests.test_p1_features.TestUserManagementAPI" name="test_filter_contestants_by_status" time="0.824" /><testcase classname="backend.tests.test_p1_features.TestUserManagementAPI" name="test_search_contestants" time="0.560" /><testcase classname="backend.tests.test_p1_features.TestUserManagementAPI" name="test_update_contestant_status" time="0.879" /><testcase classname="backend.tests.test_p1_features.TestCategoryManagementAPI" name="test_get_all_categories" time="0.497" /><testcase classname="backend.tests.test_p1_features.TestCategoryManagementAPI" name="test_create_category" time="0.502" /><testcase classname="backend.tests.test_p1_features.TestCategoryManagementAPI" name="test_update_category" time="0.809" /><testcase classname="backend.tests.test_p1_features.TestCategoryManagementAPI" name="test_delete_category" time="0.702" /><testcase classname="backend.tests.test_p1_features.TestVotePackagesAPI" name="test_get_vote_packages" time="0.122" /></testsuite></testsuites>