<?xml version="1.0" encoding="utf-8"?><testsuites name="pytest tests"><testsuite name="pytest" errors="0" failures="2" skipped="0" tests="14" time="8.311" timestamp="2026-03-17T16:59:04.336221+00:00" hostname="agent-env-ed0463d1-6085-4df8-9826-6512f538a134"><testcase classname="backend.tests.test_wallet_payment_features.TestAuthentication" name="test_admin_login" time="0.949" /><testcase classname="backend.tests.test_wallet_payment_features.TestAuthentication" name="test_contestant_login_or_register" time="0.371" /><testcase classname="backend.tests.test_wallet_payment_features.TestWalletAPI" name="test_get_wallet_returns_correct_structure" time="0.565" /><testcase classname="backend.tests.test_wallet_payment_features.TestWalletAPI" name="test_wallet_balance_is_non_negative" time="0.656" /><testcase classname="backend.tests.test_wallet_payment_features.TestWalletAPI" name="test_wallet_requires_authentication" time="0.506" /><testcase classname="backend.tests.test_wallet_payment_features.TestWalletWithdrawal" name="test_withdrawal_insufficient_balance" time="0.492" /><testcase classname="backend.tests.test_wallet_payment_features.TestWalletWithdrawal" name="test_withdrawal_requires_authentication" time="0.526" /><testcase classname="backend.tests.test_wallet_payment_features.TestAdminContestDelete" name="test_create_and_delete_draft_contest" time="0.549"><failure message="KeyError: 'id'">backend/tests/test_wallet_payment_features.py:198: in test_create_and_delete_draft_contest
    contest_id = created_contest["id"]
                 ^^^^^^^^^^^^^^^^^^^^^
E   KeyError: 'id'</failure></testcase><testcase classname="backend.tests.test_wallet_payment_features.TestAdminContestDelete" name="test_delete_nonexistent_contest" time="0.582" /><testcase classname="backend.tests.test_wallet_payment_features.TestAdminContestDelete" name="test_delete_requires_admin" time="1.176" /><testcase classname="backend.tests.test_wallet_payment_features.TestEntryFeePaymentStatus" name="test_get_payment_status" time="0.511"><failure message="AssertionError: Missing 'entry_fee_paid' field&#10;assert 'entry_fee_paid' in {'contestant_status': 'pending', 'has_paid': False, 'payment': None, 'payment_status': 'unpaid'}">backend/tests/test_wallet_payment_features.py:273: in test_get_payment_status
    assert "entry_fee_paid" in data, "Missing 'entry_fee_paid' field"
E   AssertionError: Missing 'entry_fee_paid' field
E   assert 'entry_fee_paid' in {'contestant_status': 'pending', 'has_paid': False, 'payment': None, 'payment_status': 'unpaid'}</failure></testcase><testcase classname="backend.tests.test_wallet_payment_features.TestEntryFeePaymentStatus" name="test_payment_status_requires_auth" time="0.508" /><testcase classname="backend.tests.test_wallet_payment_features.TestActiveContest" name="test_get_active_contest" time="0.133" /><testcase classname="backend.tests.test_wallet_payment_features.TestContestList" name="test_get_all_contests" time="0.607" /></testsuite></testsuites>